build/app/outputs/mapping/release/mapping.txt
# compiler: R8
# compiler_version: 1.5.64
# min_api: 21
# pg_map_id: 20141b3
...
io.flutter.plugin.common.MethodCodec -> c.a.c.a.l:
    io.flutter.plugin.common.MethodCall decodeMethodCall(java.nio.ByteBuffer) -> a
    java.nio.ByteBuffer encodeErrorEnvelope(java.lang.String,java.lang.String,java.lang.Object) -> a
    java.nio.ByteBuffer encodeMethodCall(io.flutter.plugin.common.MethodCall) -> a
    java.nio.ByteBuffer encodeSuccessEnvelope(java.lang.Object) -> a
    java.lang.Object decodeEnvelope(java.nio.ByteBuffer) -> b
io.flutter.plugin.common.PluginRegistry -> c.a.c.a.m:
    boolean hasPlugin(java.lang.String) -> a
    io.flutter.plugin.common.PluginRegistry$Registrar registrarFor(java.lang.String) -> b
io.flutter.plugin.common.PluginRegistry$ActivityResultListener -> c.a.c.a.m$a:
    boolean onActivityResult(int,int,android.content.Intent) -> a
io.flutter.plugin.common.PluginRegistry$NewIntentListener -> c.a.c.a.m$b:
io.flutter.plugin.common.PluginRegistry$Registrar -> c.a.c.a.m$c:
    io.flutter.plugin.common.PluginRegistry$Registrar addRequestPermissionsResultListener(io.flutter.plugin.common.PluginRegistry$RequestPermissionsResultListener) -> a
    io.flutter.plugin.common.BinaryMessenger messenger() -> a
    io.flutter.view.FlutterView view() -> b
    android.content.Context context() -> c
    android.app.Activity activity() -> d
io.flutter.plugin.common.PluginRegistry$RequestPermissionsResultListener -> c.a.c.a.m$d:
    boolean onRequestPermissionsResult(int,java.lang.String[],int[]) -> a
io.flutter.plugin.common.PluginRegistry$UserLeaveHintListener -> c.a.c.a.m$e:
io.flutter.plugin.common.PluginRegistry$ViewDestroyListener -> c.a.c.a.m$f:
    boolean onViewDestroy(io.flutter.view.FlutterNativeView) -> a
io.flutter.plugin.common.StandardMessageCodec -> c.a.c.a.n:
    java.nio.charset.Charset UTF8 -> c
    io.flutter.plugin.common.StandardMessageCodec INSTANCE -> a
    boolean LITTLE_ENDIAN -> b
    java.lang.Object decodeMessage(java.nio.ByteBuffer) -> a
    java.nio.ByteBuffer encodeMessage(java.lang.Object) -> a
    void readAlignment(java.nio.ByteBuffer,int) -> a
    java.lang.Object readValueOfType(byte,java.nio.ByteBuffer) -> a
    void writeAlignment(java.io.ByteArrayOutputStream,int) -> a
    void writeBytes(java.io.ByteArrayOutputStream,byte[]) -> a
    void writeDouble(java.io.ByteArrayOutputStream,double) -> a
    void writeLong(java.io.ByteArrayOutputStream,long) -> a
    void writeValue(java.io.ByteArrayOutputStream,java.lang.Object) -> a
    java.lang.Object readValue(java.nio.ByteBuffer) -> b
    void writeChar(java.io.ByteArrayOutputStream,int) -> b
    byte[] readBytes(java.nio.ByteBuffer) -> c
    void writeInt(java.io.ByteArrayOutputStream,int) -> c
    int readSize(java.nio.ByteBuffer) -> d
    void writeSize(java.io.ByteArrayOutputStream,int) -> d
io.flutter.plugin.common.StandardMessageCodec$ExposedByteArrayOutputStream -> c.a.c.a.n$a:
    byte[] buffer() -> a
io.flutter.plugin.common.StandardMethodCodec -> c.a.c.a.o:
    io.flutter.plugin.common.StandardMessageCodec messageCodec -> a
    io.flutter.plugin.common.StandardMethodCodec INSTANCE -> b
    io.flutter.plugin.common.MethodCall decodeMethodCall(java.nio.ByteBuffer) -> a
    java.nio.ByteBuffer encodeErrorEnvelope(java.lang.String,java.lang.String,java.lang.Object) -> a
    java.nio.ByteBuffer encodeMethodCall(io.flutter.plugin.common.MethodCall) -> a
    java.nio.ByteBuffer encodeSuccessEnvelope(java.lang.Object) -> a
    java.lang.Object decodeEnvelope(java.nio.ByteBuffer) -> b
io.flutter.plugin.common.StringCodec -> c.a.c.a.p:
    java.nio.charset.Charset UTF8 -> a
    io.flutter.plugin.common.StringCodec INSTANCE -> b
    java.lang.Object decodeMessage(java.nio.ByteBuffer) -> a
    java.lang.String decodeMessage(java.nio.ByteBuffer) -> a
    java.nio.ByteBuffer encodeMessage(java.lang.Object) -> a
    java.nio.ByteBuffer encodeMessage(java.lang.String) -> a